Build started 09.12.2015 20:05:05.
     1>Project "C:\Users\admin\documents\visual studio 2015\Projects\ConsoleApplication7\ConsoleApplication7\ConsoleApplication7.vcxproj" on node 2 (Build target(s)).
     1>ClCompile:
         C:\Program Files (x86)\Visual Studio\VC\bin\CL.exe /c /I"C:\sfml-2.2\SFML-Visual_Studio2015RCx32\include" /ZI /nologo /W3 /WX- /sdl /Od /Oy- /D SFML_DYNAMIC /D WIN32 /D _DEBUG /D _CONSOLE /D _UNICODE /D UNICODE /Gm /EHsc /RTC1 /MDd /GS /fp:precise /Zc:wchar_t /Zc:forScope /Zc:inline /Fo"Debug\\" /Fd"Debug\vc140.pdb" /Gd /TP /analyze- /errorReport:prompt main.cpp
         main.cpp
     1>c:\users\admin\documents\visual studio 2015\projects\consoleapplication7\consoleapplication7\view.h(20): warning C4244: 'argument': conversion from 'double' to 'float', possible loss of data
     1>c:\users\admin\documents\visual studio 2015\projects\consoleapplication7\consoleapplication7\view.h(24): warning C4244: 'argument': conversion from 'double' to 'float', possible loss of data
     1>c:\users\admin\documents\visual studio 2015\projects\consoleapplication7\consoleapplication7\view.h(28): warning C4244: 'argument': conversion from 'double' to 'float', possible loss of data
     1>c:\users\admin\documents\visual studio 2015\projects\consoleapplication7\consoleapplication7\view.h(31): warning C4244: 'argument': conversion from 'double' to 'float', possible loss of data
     1>c:\users\admin\documents\visual studio 2015\projects\consoleapplication7\consoleapplication7\main.cpp(28): warning C4244: 'argument': conversion from 'float' to 'int', possible loss of data
     1>c:\users\admin\documents\visual studio 2015\projects\consoleapplication7\consoleapplication7\main.cpp(64): warning C4244: 'initializing': conversion from 'float' to 'int', possible loss of data
     1>c:\users\admin\documents\visual studio 2015\projects\consoleapplication7\consoleapplication7\main.cpp(65): warning C4244: 'initializing': conversion from 'float' to 'int', possible loss of data
     1>c:\users\admin\documents\visual studio 2015\projects\consoleapplication7\consoleapplication7\main.cpp(75): warning C4244: '=': conversion from 'int' to 'float', possible loss of data
     1>c:\users\admin\documents\visual studio 2015\projects\consoleapplication7\consoleapplication7\main.cpp(83): warning C4244: '=': conversion from 'int' to 'float', possible loss of data
     1>c:\users\admin\documents\visual studio 2015\projects\consoleapplication7\consoleapplication7\main.cpp(121): warning C4244: 'initializing': conversion from 'sf::Int64' to 'float', possible loss of data
     1>c:\users\admin\documents\visual studio 2015\projects\consoleapplication7\consoleapplication7\main.cpp(133): warning C4305: '=': truncation from 'double' to 'float'
     1>c:\users\admin\documents\visual studio 2015\projects\consoleapplication7\consoleapplication7\main.cpp(134): warning C4244: '+=': conversion from 'double' to 'float', possible loss of data
     1>c:\users\admin\documents\visual studio 2015\projects\consoleapplication7\consoleapplication7\main.cpp(141): warning C4305: '=': truncation from 'double' to 'float'
     1>c:\users\admin\documents\visual studio 2015\projects\consoleapplication7\consoleapplication7\main.cpp(142): warning C4244: '+=': conversion from 'double' to 'float', possible loss of data
     1>c:\users\admin\documents\visual studio 2015\projects\consoleapplication7\consoleapplication7\main.cpp(149): warning C4305: '=': truncation from 'double' to 'float'
     1>c:\users\admin\documents\visual studio 2015\projects\consoleapplication7\consoleapplication7\main.cpp(150): warning C4244: '+=': conversion from 'double' to 'float', possible loss of data
     1>c:\users\admin\documents\visual studio 2015\projects\consoleapplication7\consoleapplication7\main.cpp(158): warning C4305: '=': truncation from 'double' to 'float'
     1>c:\users\admin\documents\visual studio 2015\projects\consoleapplication7\consoleapplication7\main.cpp(159): warning C4244: '+=': conversion from 'double' to 'float', possible loss of data
     1>c:\users\admin\documents\visual studio 2015\projects\consoleapplication7\consoleapplication7\main.cpp(179): warning C4244: 'argument': conversion from 'int' to 'float', possible loss of data
       Link:
         C:\Program Files (x86)\Visual Studio\VC\bin\link.exe /ERRORREPORT:PROMPT /OUT:"C:\Users\admin\documents\visual studio 2015\Projects\ConsoleApplication7\Debug\ConsoleApplication7.exe" /INCREMENTAL /NOLOGO /LIBPATH:"C:\sfml-2.2\SFML-Visual_Studio2015RCx32\lib" "sfml-graphics-d.lib" "sfml-window-d.lib" "sfml-audio-d.lib" "sfml-system-d.lib" kernel32.lib user32.lib gdi32.lib winspool.lib comdlg32.lib advapi32.lib shell32.lib ole32.lib oleaut32.lib uuid.lib odbc32.lib odbccp32.lib kernel32.lib user32.lib gdi32.lib winspool.lib comdlg32.lib advapi32.lib shell32.lib ole32.lib oleaut32.lib uuid.lib odbc32.lib odbccp32.lib /MANIFEST /MANIFESTUAC:"level='asInvoker' uiAccess='false'" /manifest:embed /Debug /PDB:"C:\Users\admin\documents\visual studio 2015\Projects\ConsoleApplication7\Debug\ConsoleApplication7.pdb" /SUBSYSTEM:CONSOLE /TLBID:1 /DYNAMICBASE /NXCOMPAT /IMPLIB:"C:\Users\admin\documents\visual studio 2015\Projects\ConsoleApplication7\Debug\ConsoleApplication7.lib" /MACHINE:X86 Debug\main.obj
         ConsoleApplication7.vcxproj -> C:\Users\admin\documents\visual studio 2015\Projects\ConsoleApplication7\Debug\ConsoleApplication7.exe
     1>Done Building Project "C:\Users\admin\documents\visual studio 2015\Projects\ConsoleApplication7\ConsoleApplication7\ConsoleApplication7.vcxproj" (Build target(s)).

Build succeeded.

Time Elapsed 00:00:01.09
